<?xml version="1.0" encoding="UTF-8"?>
<!-- Generated by org.testng.reporters.JUnitReportReporter -->
<testsuite hostname="DESKTOP-I5T2RA7" failures="0" tests="8" name="pac1.Jtestngexp" time="0.015" errors="0" timestamp="2022-09-05T16:57:58 IST" skipped="1">
  <testcase classname="pac1.Jtestngexp" name="aad" time="0.008"/>
  <system-out/>
  <testcase classname="pac1.Jtestngexp" name="prasad" time="0.000">
    <skipped/>
  </testcase> <!-- prasad -->
  <system-out/>
  <testcase classname="pac1.Jtestngexp" name="zex" time="0.001"/>
  <system-out/>
  <testcase classname="pac1.Jtestngexp" name="rasad" time="0.001"/>
  <system-out/>
  <testcase classname="pac1.Jtestngexp" name="irasad" time="0.002"/>
  <system-out/>
  <testcase classname="pac1.Jtestngexp" name="sad" time="0.001"/>
  <system-out/>
  <testcase classname="pac1.Jtestngexp" name="ex" time="0.000"/>
  <system-out/>
  <testcase classname="pac1.Jtestngexp" name="wrasad" time="0.002"/>
  <system-out/>
</testsuite> <!-- pac1.Jtestngexp -->
